Watching for file changes with StatReloader
/Users/udbhavagarwal/Documents/Code/CS253/Project/chalo_kart/myapp/serializers.py changed, reloading.
Watching for file changes with StatReloader
/Users/udbhavagarwal/Documents/Code/CS253/Project/chalo_kart/myapp/serializers.py changed, reloading.
Watching for file changes with StatReloader
/Users/udbhavagarwal/Documents/Code/CS253/Project/chalo_kart/myapp/serializers.py changed, reloading.
Watching for file changes with StatReloader
/Users/udbhavagarwal/Documents/Code/CS253/Project/chalo_kart/myapp/serializers.py changed, reloading.
Watching for file changes with StatReloader
/Users/udbhavagarwal/Documents/Code/CS253/Project/chalo_kart/myapp/views.py changed, reloading.
Watching for file changes with StatReloader
/Users/udbhavagarwal/Documents/Code/CS253/Project/chalo_kart/myapp/views.py changed, reloading.
Watching for file changes with StatReloader
/Users/udbhavagarwal/Documents/Code/CS253/Project/chalo_kart/myapp/views.py changed, reloading.
Watching for file changes with StatReloader
/Users/udbhavagarwal/Documents/Code/CS253/Project/chalo_kart/myapp/views.py changed, reloading.
Watching for file changes with StatReloader
/Users/udbhavagarwal/Documents/Code/CS253/Project/chalo_kart/myapp/views.py changed, reloading.
Watching for file changes with StatReloader
/Users/udbhavagarwal/Documents/Code/CS253/Project/chalo_kart/myapp/views.py changed, reloading.
Watching for file changes with StatReloader
/Users/udbhavagarwal/Documents/Code/CS253/Project/chalo_kart/myapp/views.py changed, reloading.
Watching for file changes with StatReloader
/Users/udbhavagarwal/Documents/Code/CS253/Project/chalo_kart/myapp/views.py changed, reloading.
Watching for file changes with StatReloader
/Users/udbhavagarwal/Documents/Code/CS253/Project/chalo_kart/myapp/views.py changed, reloading.
Watching for file changes with StatReloader
Login error: no such column: myapp_user.is_active
Internal Server Error: /api/users/login/
"POST /api/users/login/ HTTP/1.1" 500 42
Login error: no such column: myapp_user.is_active
Internal Server Error: /api/users/login/
"POST /api/users/login/ HTTP/1.1" 500 42
Registration error: table myapp_user has no column named is_active
Internal Server Error: /api/users/register/
"POST /api/users/register/ HTTP/1.1" 500 31
Registration error: table myapp_user has no column named is_active
Internal Server Error: /api/users/register/
"POST /api/users/register/ HTTP/1.1" 500 31
Login error: no such column: myapp_user.is_active
Internal Server Error: /api/users/login/
"POST /api/users/login/ HTTP/1.1" 500 42
Login error: no such column: myapp_user.is_active
Internal Server Error: /api/users/login/
"POST /api/users/login/ HTTP/1.1" 500 42
Login error: no such column: myapp_user.is_active
Internal Server Error: /api/users/login/
"POST /api/users/login/ HTTP/1.1" 500 42
/Users/udbhavagarwal/Documents/Code/CS253/Project/chalo_kart/myapp/views.py changed, reloading.
Watching for file changes with StatReloader
Watching for file changes with StatReloader
Watching for file changes with StatReloader
Watching for file changes with StatReloader
Watching for file changes with StatReloader
Login error: no such column: myapp_user.is_active
Internal Server Error: /api/users/login/
"POST /api/users/login/ HTTP/1.1" 500 42
Login error: no such column: myapp_user.is_active
Internal Server Error: /api/users/login/
"POST /api/users/login/ HTTP/1.1" 500 42
Login error: no such column: myapp_user.is_active
Internal Server Error: /api/users/login/
"POST /api/users/login/ HTTP/1.1" 500 42
Login error: no such column: myapp_user.is_active
Internal Server Error: /api/users/login/
"POST /api/users/login/ HTTP/1.1" 500 42
/Users/udbhavagarwal/Documents/Code/CS253/Project/chalo_kart/myapp/models.py changed, reloading.
Watching for file changes with StatReloader
/Users/udbhavagarwal/Documents/Code/CS253/Project/chalo_kart/myapp/models.py changed, reloading.
Watching for file changes with StatReloader
Login error: no such column: myapp_user.is_active
Internal Server Error: /api/users/login/
"POST /api/users/login/ HTTP/1.1" 500 42
Login error: no such column: myapp_user.is_active
Internal Server Error: /api/users/login/
"POST /api/users/login/ HTTP/1.1" 500 42
Login error: no such column: myapp_user.is_active
Internal Server Error: /api/users/login/
"POST /api/users/login/ HTTP/1.1" 500 42
Login error: no such column: myapp_user.is_active
Internal Server Error: /api/users/login/
"POST /api/users/login/ HTTP/1.1" 500 42
Login error: no such column: myapp_user.is_active
Internal Server Error: /api/users/login/
"POST /api/users/login/ HTTP/1.1" 500 42
Login error: no such column: myapp_user.is_active
Internal Server Error: /api/users/login/
"POST /api/users/login/ HTTP/1.1" 500 42
Login error: no such column: myapp_user.is_active
Internal Server Error: /api/users/login/
"POST /api/users/login/ HTTP/1.1" 500 42
Watching for file changes with StatReloader
/Users/udbhavagarwal/Documents/Code/CS253/Project/chalo_kart/myapp/models.py changed, reloading.
Watching for file changes with StatReloader
Watching for file changes with StatReloader
Watching for file changes with StatReloader
Unauthorized: /api/users/login/
"POST /api/users/login/ HTTP/1.1" 401 31
Unauthorized: /api/users/login/
"POST /api/users/login/ HTTP/1.1" 401 31
"POST /api/users/login/ HTTP/1.1" 200 218
Not Found: /api/wallet/add-funds/
"POST /api/wallet/add-funds/ HTTP/1.1" 404 23910
"POST /api/users/login/ HTTP/1.1" 200 218
"POST /api/users/login/ HTTP/1.1" 200 218
"POST /api/users/login/ HTTP/1.1" 200 218
"POST /api/users/login/ HTTP/1.1" 200 218
"POST /api/users/login/ HTTP/1.1" 200 218
"POST /api/users/login/ HTTP/1.1" 200 218
"POST /api/users/login/ HTTP/1.1" 200 218
Error in TripViewSet: Authentication credentials were not provided.
Forbidden: /api/trips/recent/
"GET /api/trips/recent/ HTTP/1.1" 403 58
Not Found: /api/wallet/info/
"GET /api/wallet/info/ HTTP/1.1" 404 23894
Error in TripViewSet: Authentication credentials were not provided.
Forbidden: /api/trips/recent/
Not Found: /api/wallet/info/
"GET /api/trips/recent/ HTTP/1.1" 403 58
"GET /api/wallet/info/ HTTP/1.1" 404 23894
Not Found: /api/wallet/info/
"GET /api/wallet/info/ HTTP/1.1" 404 23894
Not Found: /api/wallet/info/
"GET /api/wallet/info/ HTTP/1.1" 404 23894
Registration error: UNIQUE constraint failed: myapp_wallet.wallet_id
Internal Server Error: /api/users/register/
"POST /api/users/register/ HTTP/1.1" 500 31
Bad Request: /api/users/register/
"POST /api/users/register/ HTTP/1.1" 400 50
Watching for file changes with StatReloader
Watching for file changes with StatReloader
Watching for file changes with StatReloader
Watching for file changes with StatReloader
"POST /api/users/login/ HTTP/1.1" 200 218
Error in TripViewSet: Authentication credentials were not provided.
Forbidden: /api/trips/recent/
"GET /api/trips/recent/ HTTP/1.1" 403 58
Not Found: /api/wallet/info/
"GET /api/wallet/info/ HTTP/1.1" 404 23894
